TN:
SF:src\app\User\repositories\InMemoryUser.ts
FN:4,UserRepository
FN:7,create
FN:17,exists
FNF:3
FNH:2
FNDA:1,UserRepository
FNDA:0,create
FNDA:1,exists
DA:1,1
DA:2,1
DA:3,1
DA:4,1
DA:5,1
DA:6,1
DA:7,1
DA:8,0
DA:9,0
DA:10,0
DA:11,0
DA:12,0
DA:13,0
DA:14,0
DA:15,0
DA:16,1
DA:17,1
DA:18,1
DA:19,1
DA:20,1
DA:21,1
DA:22,1
DA:23,1
DA:24,1
LF:24
LH:16
BRDA:4,0,0,1
BRDA:17,1,0,1
BRF:2
BRH:2
end_of_record
TN:
SF:src\app\User\service\UserServices.ts
FN:7,UserService
FN:11,createUser
FN:24,hashPassword
FNF:3
FNH:2
FNDA:1,UserService
FNDA:1,createUser
FNDA:0,hashPassword
DA:1,1
DA:2,1
DA:3,1
DA:4,1
DA:5,1
DA:6,1
DA:7,1
DA:8,1
DA:9,1
DA:10,1
DA:11,1
DA:12,1
DA:13,1
DA:14,1
DA:15,1
DA:16,1
DA:17,0
DA:18,0
DA:19,0
DA:20,0
DA:21,0
DA:22,1
DA:23,1
DA:24,1
DA:25,0
DA:26,0
DA:27,0
DA:28,1
DA:29,1
DA:30,1
LF:30
LH:22
BRDA:7,0,0,1
BRDA:11,1,0,1
BRDA:16,2,0,0
BRF:3
BRH:2
end_of_record
